=== Starting Post Scheduling (30s delay) ===
Started: Sat Feb  7 20:11:12 CET 2026
Estimated completion: ~25 minutes

--- X Posts (Mon-Wed) ---
✗ Failed: 2026-02-09T09:00:00.000Z - ThrottlerException: Too Many Requests
✗ Failed: 2026-02-09T13:00:00.000Z - ThrottlerException: Too Many Requests
✗ Failed: 2026-02-09T19:00:00.000Z - ThrottlerException: Too Many Requests
✗ Failed: 2026-02-10T09:00:00.000Z - ThrottlerException: Too Many Requests
✗ Failed: 2026-02-10T13:00:00.000Z - ThrottlerException: Too Many Requests
✗ Failed: 2026-02-10T19:00:00.000Z - ThrottlerException: Too Many Requests
✗ Failed: 2026-02-11T09:00:00.000Z - ThrottlerException: Too Many Requests

--- X Posts (Thu-Sun) ---
✗ Failed: 2026-02-11T13:00:00.000Z - ThrottlerException: Too Many Requests
✗ Failed: 2026-02-11T19:00:00.000Z - ThrottlerException: Too Many Requests
✗ Failed: 2026-02-12T09:00:00.000Z - ThrottlerException: Too Many Requests
✗ Failed: 2026-02-12T13:00:00.000Z - ThrottlerException: Too Many Requests
✗ Failed: 2026-02-12T19:00:00.000Z - ThrottlerException: Too Many Requests
✗ Failed: 2026-02-13T09:00:00.000Z - ThrottlerException: Too Many Requests
✗ Failed: 2026-02-13T13:00:00.000Z - ThrottlerException: Too Many Requests
✗ Failed: 2026-02-13T19:00:00.000Z - ThrottlerException: Too Many Requests
✗ Failed: 2026-02-14T09:00:00.000Z - ThrottlerException: Too Many Requests
✗ Failed: 2026-02-14T13:00:00.000Z - ThrottlerException: Too Many Requests
✗ Failed: 2026-02-14T19:00:00.000Z - ThrottlerException: Too Many Requests
✗ Failed: 2026-02-15T09:00:00.000Z - ThrottlerException: Too Many Requests
